<?xml version="1.0" encoding="UTF-8"?>
<testsuite xmlns:xsi="http://www.w3.org/2001/XMLSchema-instance" xsi:noNamespaceSchemaLocation="https://maven.apache.org/surefire/maven-surefire-plugin/xsd/surefire-test-report.xsd" version="3.0.2" name="com.krishn.springmvc.SpringmvcApplicationTests" time="10.579" tests="1" errors="0" skipped="0" failures="0">
  <properties>
[...]
</properties>
  <testcase name="contextLoads" classname="com.krishn.springmvc.SpringmvcApplicationTests" time="2.493">
    <system-out><![CDATA[23:34:46.336 [main] INFO org.springframework.test.context.support.AnnotationConfigContextLoaderUtils -- Could not detect default configuration classes for test class [com.krishn.springmvc.SpringmvcApplicationTests]: SpringmvcApplicationTests does not declare any static, non-private, non-final, nested classes annotated with @Configuration.
23:34:47.139 [main] INFO org.springframework.boot.test.context.SpringBootTestContextBootstrapper -- Found @SpringBootConfiguration com.krishn.springmvc.SpringmvcApplication for test class com.krishn.springmvc.SpringmvcApplicationTests

  .   ____          _            __ _ _
 /\\ / ___'_ __ _ _(_)_ __  __ _ \ \ \ \
( ( )\___ | '_ | '_| | '_ \/ _` | \ \ \ \
 \\/  ___)| |_)| | | | | || (_| |  ) ) ) )
  '  |____| .__|_| |_|_| |_\__, | / / / /
 =========|_|==============|___/=/_/_/_/

 :: Spring Boot ::                (v3.4.4)

2026-03-07T23:34:49.263+05:30  INFO 19940 --- [springmvc] [           main] c.k.springmvc.SpringmvcApplicationTests  : Starting SpringmvcApplicationTests using Java 17.0.12 with PID 19940 (started by krish in D:\Spring projects\springmvc)
2026-03-07T23:34:49.267+05:30  INFO 19940 --- [springmvc] [           main] c.k.springmvc.SpringmvcApplicationTests  : No active profile set, falling back to 1 default profile: "default"
2026-03-07T23:34:53.548+05:30  INFO 19940 --- [springmvc] [           main] c.k.springmvc.SpringmvcApplicationTests  : Started SpringmvcApplicationTests in 5.541 seconds (process running for 9.706)
]]></system-out>
  </testcase>
</testsuite>